<?xml version="1.0" encoding="UTF-8"?>
<testng-results ignored="0" total="1" passed="1" failed="0" skipped="0">
  <reporter-output>
  </reporter-output>
  <suite started-at="2023-07-10T13:43:28 EEST" name="Default suite" finished-at="2023-07-10T13:43:30 EEST" duration-ms="1893">
    <groups>
    </groups>
    <test started-at="2023-07-10T13:43:28 EEST" name="Default test" finished-at="2023-07-10T13:43:30 EEST" duration-ms="1893">
      <class name="RestAPI.Authentication">
        <test-method is-config="true" signature="setUpAuthentication()[pri:0, instance:RestAPI.Authentication@2b662a77]" started-at="2023-07-10T13:43:28 EEST" name="setUpAuthentication" finished-at="2023-07-10T13:43:28 EEST" duration-ms="352" status="PASS">
          <reporter-output>
          </reporter-output>
        </test-method> <!-- setUpAuthentication -->
        <test-method signature="Test1()[pri:0, instance:RestAPI.Authentication@2b662a77]" started-at="2023-07-10T13:43:28 EEST" name="Test1" finished-at="2023-07-10T13:43:30 EEST" duration-ms="1509" status="PASS">
          <reporter-output>
          </reporter-output>
        </test-method> <!-- Test1 -->
      </class> <!-- RestAPI.Authentication -->
    </test> <!-- Default test -->
  </suite> <!-- Default suite -->
</testng-results>
