<?xml version="1.0" encoding="UTF-8"?>
<testng-results ignored="0" total="2" passed="2" failed="0" skipped="0">
  <reporter-output>
  </reporter-output>
  <suite started-at="2023-07-02T14:18:31 EEST" name="Default suite" finished-at="2023-07-02T14:18:35 EEST" duration-ms="4052">
    <groups>
    </groups>
    <test started-at="2023-07-02T14:18:31 EEST" name="Default test" finished-at="2023-07-02T14:18:35 EEST" duration-ms="4052">
      <class name="RestAPI.TestCookies">
        <test-method signature="testCookiesHeader()[pri:0, instance:RestAPI.TestCookies@43195e57]" started-at="2023-07-02T14:18:31 EEST" name="testCookiesHeader" finished-at="2023-07-02T14:18:34 EEST" duration-ms="2745" status="PASS">
          <reporter-output>
          </reporter-output>
        </test-method> <!-- testCookiesHeader -->
        <test-method signature="testDetailedCookies()[pri:0, instance:RestAPI.TestCookies@43195e57]" started-at="2023-07-02T14:18:34 EEST" name="testDetailedCookies" finished-at="2023-07-02T14:18:35 EEST" duration-ms="1260" status="PASS">
          <reporter-output>
          </reporter-output>
        </test-method> <!-- testDetailedCookies -->
      </class> <!-- RestAPI.TestCookies -->
    </test> <!-- Default test -->
  </suite> <!-- Default suite -->
</testng-results>
